<?xml version="1.0" encoding="UTF-8"?>
<!-- Generated by org.testng.reporters.JUnitReportReporter -->
<testsuite hostname="LAPTOP-L3A86N1E" failures="0" tests="1" name="FirstTestNG" time="0.020" errors="0" timestamp="2024-01-30T13:02:25 IST" skipped="0">
  <testcase classname="FirstTestNG" name="f" time="0.020"/>
</testsuite> <!-- FirstTestNG -->
