<?xml version="1.0" encoding="UTF-8"?>
<!-- Generated by org.testng.reporters.JUnitReportReporter -->
<testsuite hostname="LAPTOP-L3A86N1E" failures="0" tests="4" name="ms.testng.ms.NewTest" time="2.781" errors="0" timestamp="2024-01-30T13:02:25 IST" skipped="0">
  <testcase classname="ms.testng.ms.NewTest" name="keyUp" time="0.109"/>
  <testcase classname="ms.testng.ms.NewTest" name="keyDown" time="2.251"/>
  <testcase classname="ms.testng.ms.NewTest" name="sendKeysToActiveElement" time="0.082"/>
  <testcase classname="ms.testng.ms.NewTest" name="sendKeysToDesignatedElement" time="0.339"/>
</testsuite> <!-- ms.testng.ms.NewTest -->
